# JRE version: OpenJDK Runtime Environment Temurin-21.0.8+9 (21.0.8+9) (build 21.0.8+9-LTS)
# Java VM: OpenJDK 64-Bit Server VM Temurin-21.0.8+9 (21.0.8+9-LTS, mixed mode, sharing, tiered, compressed oops, compressed class ptrs, parallel gc, windows-amd64)
GC Precious Log:
 CardTable entry size: 512
 CPUs: 8 total, 8 available
 Memory: 8070M
 Large Page Support: Disabled
 NUMA Support: Disabled
 Compressed Oops: Enabled (32-bit)
 Alignments: Space 512K, Generation 512K, Heap 2M
 Heap Min Capacity: 100M
 Heap Initial Capacity: 100M
 Heap Max Capacity: 2G
 Pre-touch: Disabled
 Parallel Workers: 8
Heap:
 PSYoungGen      total 10752K, used 8905K [0x00000000d5580000, 0x00000000d6a80000, 0x0000000100000000)
  eden space 9216K, 83% used [0x00000000d5580000,0x00000000d5d0a458,0x00000000d5e80000)
  from space 1536K, 77% used [0x00000000d6900000,0x00000000d6a28000,0x00000000d6a80000)
  to   space 1536K, 0% used [0x00000000d6780000,0x00000000d6780000,0x00000000d6900000)
 ParOldGen       total 460800K, used 230215K [0x0000000080000000, 0x000000009c200000, 0x00000000d5580000)
  object space 460800K, 49% used [0x0000000080000000,0x000000008e0d1f68,0x000000009c200000)
 Metaspace       used 70143K, committed 72384K, reserved 1114112K
  class space    used 7048K, committed 8000K, reserved 1048576K
GC Heap History (20 events):
Event: 2366.598 GC heap before
{Heap before GC invocations=983 (full 4):
 PSYoungGen      total 9728K, used 9504K [0x00000000d5580000, 0x00000000d6300000, 0x0000000100000000)
  eden space 8704K, 100% used [0x00000000d5580000,0x00000000d5e00000,0x00000000d5e00000)
  from space 1024K, 78% used [0x00000000d6200000,0x00000000d62c8000,0x00000000d6300000)
  to   space 1024K, 0% used [0x00000000d6100000,0x00000000d6100000,0x00000000d6200000)
 ParOldGen       total 460800K, used 133667K [0x0000000080000000, 0x000000009c200000, 0x00000000d5580000)
  object space 460800K, 29% used [0x0000000080000000,0x0000000088288f40,0x000000009c200000)
 Metaspace       used 69875K, committed 72384K, reserved 1114112K
  class space    used 7028K, committed 8000K, reserved 1048576K
}
Event: 2366.603 GC heap after
{Heap after GC invocations=983 (full 4):
 PSYoungGen      total 9728K, used 1012K [0x00000000d5580000, 0x00000000d6280000, 0x0000000100000000)
  eden space 8704K, 0% used [0x00000000d5580000,0x00000000d5580000,0x00000000d5e00000)
  from space 1024K, 98% used [0x00000000d6100000,0x00000000d61fd200,0x00000000d6200000)
  to   space 512K, 0% used [0x00000000d6200000,0x00000000d6200000,0x00000000d6280000)
 ParOldGen       total 460800K, used 134403K [0x0000000080000000, 0x000000009c200000, 0x00000000d5580000)
  object space 460800K, 29% used [0x0000000080000000,0x0000000088340f80,0x000000009c200000)
 Metaspace       used 69875K, committed 72384K, reserved 1114112K
  class space    used 7028K, committed 8000K, reserved 1048576K
}
Event: 2424.820 GC heap before
{Heap before GC invocations=984 (full 4):
 PSYoungGen      total 9728K, used 9716K [0x00000000d5580000, 0x00000000d6280000, 0x0000000100000000)
  eden space 8704K, 100% used [0x00000000d5580000,0x00000000d5e00000,0x00000000d5e00000)
  from space 1024K, 98% used [0x00000000d6100000,0x00000000d61fd200,0x00000000d6200000)
  to   space 512K, 0% used [0x00000000d6200000,0x00000000d6200000,0x00000000d6280000)
 ParOldGen       total 460800K, used 134403K [0x0000000080000000, 0x000000009c200000, 0x00000000d5580000)
  object space 460800K, 29% used [0x0000000080000000,0x0000000088340f80,0x000000009c200000)
 Metaspace       used 69907K, committed 72384K, reserved 1114112K
  class space    used 7028K, committed 8000K, reserved 1048576K
}
Event: 2424.838 GC heap after
{Heap after GC invocations=984 (full 4):
 PSYoungGen      total 8192K, used 512K [0x00000000d5580000, 0x00000000d6800000, 0x0000000100000000)
  eden space 7680K, 0% used [0x00000000d5580000,0x00000000d5580000,0x00000000d5d00000)
  from space 512K, 100% used [0x00000000d6200000,0x00000000d6280000,0x00000000d6280000)
  to   space 5120K, 0% used [0x00000000d5d00000,0x00000000d5d00000,0x00000000d6200000)
 ParOldGen       total 460800K, used 138405K [0x0000000080000000, 0x000000009c200000, 0x00000000d5580000)
  object space 460800K, 30% used [0x0000000080000000,0x0000000088729620,0x000000009c200000)
 Metaspace       used 69907K, committed 72384K, reserved 1114112K
  class space    used 7028K, committed 8000K, reserved 1048576K
}
Event: 2424.870 GC heap before
{Heap before GC invocations=985 (full 4):
 PSYoungGen      total 8192K, used 8192K [0x00000000d5580000, 0x00000000d6800000, 0x0000000100000000)
  eden space 7680K, 100% used [0x00000000d5580000,0x00000000d5d00000,0x00000000d5d00000)
  from space 512K, 100% used [0x00000000d6200000,0x00000000d6280000,0x00000000d6280000)
  to   space 5120K, 0% used [0x00000000d5d00000,0x00000000d5d00000,0x00000000d6200000)
 ParOldGen       total 460800K, used 138405K [0x0000000080000000, 0x000000009c200000, 0x00000000d5580000)
  object space 460800K, 30% used [0x0000000080000000,0x0000000088729620,0x000000009c200000)
 Metaspace       used 69907K, committed 72384K, reserved 1114112K
  class space    used 7028K, committed 8000K, reserved 1048576K
}
Event: 2424.884 GC heap after
{Heap after GC invocations=985 (full 4):
 PSYoungGen      total 12800K, used 5120K [0x00000000d5580000, 0x00000000d6f00000, 0x0000000100000000)
  eden space 7680K, 0% used [0x00000000d5580000,0x00000000d5580000,0x00000000d5d00000)
  from space 5120K, 100% used [0x00000000d5d00000,0x00000000d6200000,0x00000000d6200000)
  to   space 9216K, 0% used [0x00000000d6600000,0x00000000d6600000,0x00000000d6f00000)
 ParOldGen       total 460800K, used 141465K [0x0000000080000000, 0x000000009c200000, 0x00000000d5580000)
  object space 460800K, 30% used [0x0000000080000000,0x0000000088a26540,0x000000009c200000)
 Metaspace       used 69907K, committed 72384K, reserved 1114112K
  class space    used 7028K, committed 8000K, reserved 1048576K
}
Event: 2424.930 GC heap before
{Heap before GC invocations=986 (full 4):
 PSYoungGen      total 12800K, used 12800K [0x00000000d5580000, 0x00000000d6f00000, 0x0000000100000000)
  eden space 7680K, 100% used [0x00000000d5580000,0x00000000d5d00000,0x00000000d5d00000)
  from space 5120K, 100% used [0x00000000d5d00000,0x00000000d6200000,0x00000000d6200000)
  to   space 9216K, 0% used [0x00000000d6600000,0x00000000d6600000,0x00000000d6f00000)
 ParOldGen       total 460800K, used 141465K [0x0000000080000000, 0x000000009c200000, 0x00000000d5580000)
  object space 460800K, 30% used [0x0000000080000000,0x0000000088a26540,0x000000009c200000)
 Metaspace       used 69912K, committed 72384K, reserved 1114112K
  class space    used 7028K, committed 8000K, reserved 1048576K
}
Event: 2424.961 GC heap after
{Heap after GC invocations=986 (full 4):
 PSYoungGen      total 13824K, used 5744K [0x00000000d5580000, 0x00000000d6c00000, 0x0000000100000000)
  eden space 7680K, 0% used [0x00000000d5580000,0x00000000d5580000,0x00000000d5d00000)
  from space 6144K, 93% used [0x00000000d6600000,0x00000000d6b9c070,0x00000000d6c00000)
  to   space 6656K, 0% used [0x00000000d5f00000,0x00000000d5f00000,0x00000000d6580000)
 ParOldGen       total 460800K, used 146657K [0x0000000080000000, 0x000000009c200000, 0x00000000d5580000)
  object space 460800K, 31% used [0x0000000080000000,0x0000000088f38540,0x000000009c200000)
 Metaspace       used 69912K, committed 72384K, reserved 1114112K
  class space    used 7028K, committed 8000K, reserved 1048576K
}
Event: 2424.996 GC heap before
{Heap before GC invocations=987 (full 4):
 PSYoungGen      total 13824K, used 13424K [0x00000000d5580000, 0x00000000d6c00000, 0x0000000100000000)
  eden space 7680K, 99% used [0x00000000d5580000,0x00000000d5cffff8,0x00000000d5d00000)
  from space 6144K, 93% used [0x00000000d6600000,0x00000000d6b9c070,0x00000000d6c00000)
  to   space 6656K, 0% used [0x00000000d5f00000,0x00000000d5f00000,0x00000000d6580000)
 ParOldGen       total 460800K, used 146657K [0x0000000080000000, 0x000000009c200000, 0x00000000d5580000)
  object space 460800K, 31% used [0x0000000080000000,0x0000000088f38540,0x000000009c200000)
 Metaspace       used 69912K, committed 72384K, reserved 1114112K
  class space    used 7028K, committed 8000K, reserved 1048576K
}
Event: 2425.017 GC heap after
{Heap after GC invocations=987 (full 4):
 PSYoungGen      total 15872K, used 6631K [0x00000000d5580000, 0x00000000d7880000, 0x0000000100000000)
  eden space 9216K, 0% used [0x00000000d5580000,0x00000000d5580000,0x00000000d5e80000)
  from space 6656K, 99% used [0x00000000d5f00000,0x00000000d6579df8,0x00000000d6580000)
  to   space 13312K, 0% used [0x00000000d6b80000,0x00000000d6b80000,0x00000000d7880000)
 ParOldGen       total 460800K, used 151800K [0x0000000080000000, 0x000000009c200000, 0x00000000d5580000)
  object space 460800K, 32% used [0x0000000080000000,0x000000008943e188,0x000000009c200000)
 Metaspace       used 69912K, committed 72384K, reserved 1114112K
  class space    used 7028K, committed 8000K, reserved 1048576K
}
Event: 2425.422 GC heap before
{Heap before GC invocations=988 (full 4):
 PSYoungGen      total 15872K, used 15655K [0x00000000d5580000, 0x00000000d7880000, 0x0000000100000000)
  eden space 9216K, 97% used [0x00000000d5580000,0x00000000d5e4fed0,0x00000000d5e80000)
  from space 6656K, 99% used [0x00000000d5f00000,0x00000000d6579df8,0x00000000d6580000)
  to   space 13312K, 0% used [0x00000000d6b80000,0x00000000d6b80000,0x00000000d7880000)
 ParOldGen       total 460800K, used 159480K [0x0000000080000000, 0x000000009c200000, 0x00000000d5580000)
  object space 460800K, 34% used [0x0000000080000000,0x0000000089bbe198,0x000000009c200000)
 Metaspace       used 69933K, committed 72384K, reserved 1114112K
  class space    used 7028K, committed 8000K, reserved 1048576K
}
Event: 2425.437 GC heap after
{Heap after GC invocations=988 (full 4):
 PSYoungGen      total 11776K, used 2474K [0x00000000d5580000, 0x00000000d6e00000, 0x0000000100000000)
  eden space 9216K, 0% used [0x00000000d5580000,0x00000000d5580000,0x00000000d5e80000)
  from space 2560K, 96% used [0x00000000d6b80000,0x00000000d6dea910,0x00000000d6e00000)
  to   space 6144K, 0% used [0x00000000d6200000,0x00000000d6200000,0x00000000d6800000)
 ParOldGen       total 460800K, used 161784K [0x0000000080000000, 0x000000009c200000, 0x00000000d5580000)
  object space 460800K, 35% used [0x0000000080000000,0x0000000089dfe198,0x000000009c200000)
 Metaspace       used 69933K, committed 72384K, reserved 1114112K
  class space    used 7028K, committed 8000K, reserved 1048576K
}
Event: 2425.537 GC heap before
{Heap before GC invocations=989 (full 4):
 PSYoungGen      total 11776K, used 11690K [0x00000000d5580000, 0x00000000d6e00000, 0x0000000100000000)
  eden space 9216K, 100% used [0x00000000d5580000,0x00000000d5e80000,0x00000000d5e80000)
  from space 2560K, 96% used [0x00000000d6b80000,0x00000000d6dea910,0x00000000d6e00000)
  to   space 6144K, 0% used [0x00000000d6200000,0x00000000d6200000,0x00000000d6800000)
 ParOldGen       total 460800K, used 173304K [0x0000000080000000, 0x000000009c200000, 0x00000000d5580000)
  object space 460800K, 37% used [0x0000000080000000,0x000000008a93e1a8,0x000000009c200000)
 Metaspace       used 69933K, committed 72384K, reserved 1114112K
  class space    used 7028K, committed 8000K, reserved 1048576K
}
Event: 2425.564 GC heap after
{Heap after GC invocations=989 (full 4):
 PSYoungGen      total 15360K, used 6114K [0x00000000d5580000, 0x00000000d7780000, 0x0000000100000000)
  eden space 9216K, 0% used [0x00000000d5580000,0x00000000d5580000,0x00000000d5e80000)
  from space 6144K, 99% used [0x00000000d6200000,0x00000000d67f88f0,0x00000000d6800000)
  to   space 12800K, 0% used [0x00000000d6b00000,0x00000000d6b00000,0x00000000d7780000)
 ParOldGen       total 460800K, used 178370K [0x0000000080000000, 0x000000009c200000, 0x00000000d5580000)
  object space 460800K, 38% used [0x0000000080000000,0x000000008ae30b68,0x000000009c200000)
 Metaspace       used 69933K, committed 72384K, reserved 1114112K
  class space    used 7028K, committed 8000K, reserved 1048576K
}
Event: 2427.063 GC heap before
{Heap before GC invocations=990 (full 4):
 PSYoungGen      total 15360K, used 15330K [0x00000000d5580000, 0x00000000d7780000, 0x0000000100000000)
  eden space 9216K, 100% used [0x00000000d5580000,0x00000000d5e80000,0x00000000d5e80000)
  from space 6144K, 99% used [0x00000000d6200000,0x00000000d67f88f0,0x00000000d6800000)
  to   space 12800K, 0% used [0x00000000d6b00000,0x00000000d6b00000,0x00000000d7780000)
 ParOldGen       total 460800K, used 220610K [0x0000000080000000, 0x000000009c200000, 0x00000000d5580000)
  object space 460800K, 47% used [0x0000000080000000,0x000000008d770ba8,0x000000009c200000)
 Metaspace       used 69939K, committed 72384K, reserved 1114112K
  class space    used 7028K, committed 8000K, reserved 1048576K
}
Event: 2427.090 GC heap after
{Heap after GC invocations=990 (full 4):
 PSYoungGen      total 12288K, used 3018K [0x00000000d5580000, 0x00000000d6e00000, 0x0000000100000000)
  eden space 9216K, 0% used [0x00000000d5580000,0x00000000d5580000,0x00000000d5e80000)
  from space 3072K, 98% used [0x00000000d6b00000,0x00000000d6df2910,0x00000000d6e00000)
  to   space 6144K, 0% used [0x00000000d6200000,0x00000000d6200000,0x00000000d6800000)
 ParOldGen       total 460800K, used 226517K [0x0000000080000000, 0x000000009c200000, 0x00000000d5580000)
  object space 460800K, 49% used [0x0000000080000000,0x000000008dd35498,0x000000009c200000)
 Metaspace       used 69939K, committed 72384K, reserved 1114112K
  class space    used 7028K, committed 8000K, reserved 1048576K
}
Event: 2427.182 GC heap before
{Heap before GC invocations=991 (full 4):
 PSYoungGen      total 12288K, used 12234K [0x00000000d5580000, 0x00000000d6e00000, 0x0000000100000000)
  eden space 9216K, 100% used [0x00000000d5580000,0x00000000d5e80000,0x00000000d5e80000)
  from space 3072K, 98% used [0x00000000d6b00000,0x00000000d6df2910,0x00000000d6e00000)
  to   space 6144K, 0% used [0x00000000d6200000,0x00000000d6200000,0x00000000d6800000)
 ParOldGen       total 460800K, used 226517K [0x0000000080000000, 0x000000009c200000, 0x00000000d5580000)
  object space 460800K, 49% used [0x0000000080000000,0x000000008dd35498,0x000000009c200000)
 Metaspace       used 69948K, committed 72384K, reserved 1114112K
  class space    used 7028K, committed 8000K, reserved 1048576K
}
Event: 2427.186 GC heap after
{Heap after GC invocations=991 (full 4):
 PSYoungGen      total 15360K, used 980K [0x00000000d5580000, 0x00000000d6b80000, 0x0000000100000000)
  eden space 9216K, 0% used [0x00000000d5580000,0x00000000d5580000,0x00000000d5e80000)
  from space 6144K, 15% used [0x00000000d6200000,0x00000000d62f5200,0x00000000d6800000)
  to   space 2560K, 0% used [0x00000000d6900000,0x00000000d6900000,0x00000000d6b80000)
 ParOldGen       total 460800K, used 229339K [0x0000000080000000, 0x000000009c200000, 0x00000000d5580000)
  object space 460800K, 49% used [0x0000000080000000,0x000000008dff6e48,0x000000009c200000)
 Metaspace       used 69948K, committed 72384K, reserved 1114112K
  class space    used 7028K, committed 8000K, reserved 1048576K
}
Event: 2427.273 GC heap before
{Heap before GC invocations=992 (full 4):
 PSYoungGen      total 15360K, used 10196K [0x00000000d5580000, 0x00000000d6b80000, 0x0000000100000000)
  eden space 9216K, 100% used [0x00000000d5580000,0x00000000d5e80000,0x00000000d5e80000)
  from space 6144K, 15% used [0x00000000d6200000,0x00000000d62f5200,0x00000000d6800000)
  to   space 2560K, 0% used [0x00000000d6900000,0x00000000d6900000,0x00000000d6b80000)
 ParOldGen       total 460800K, used 229339K [0x0000000080000000, 0x000000009c200000, 0x00000000d5580000)
  object space 460800K, 49% used [0x0000000080000000,0x000000008dff6e48,0x000000009c200000)
 Metaspace       used 69948K, committed 72384K, reserved 1114112K
  class space    used 7028K, committed 8000K, reserved 1048576K
}
Event: 2427.276 GC heap after
{Heap after GC invocations=992 (full 4):
 PSYoungGen      total 10752K, used 1184K [0x00000000d5580000, 0x00000000d6a80000, 0x0000000100000000)
  eden space 9216K, 0% used [0x00000000d5580000,0x00000000d5580000,0x00000000d5e80000)
  from space 1536K, 77% used [0x00000000d6900000,0x00000000d6a28000,0x00000000d6a80000)
  to   space 1536K, 0% used [0x00000000d6780000,0x00000000d6780000,0x00000000d6900000)
 ParOldGen       total 460800K, used 230215K [0x0000000080000000, 0x000000009c200000, 0x00000000d5580000)
  object space 460800K, 49% used [0x0000000080000000,0x000000008e0d1f68,0x000000009c200000)
 Metaspace       used 69948K, committed 72384K, reserved 1114112K
  class space    used 7028K, committed 8000K, reserved 1048576K
}

